INFO [2025-05-29 16:34:16] $x
INFO [2025-05-29 16:34:16] list(pretest, posttest, modules)
INFO [2025-05-29 16:34:16] 
INFO [2025-05-29 16:34:16] $category.names
INFO [2025-05-29 16:34:16] c("Pre-Training Survey", "Post-Training Survey ", "Post-Module Surveys")
INFO [2025-05-29 16:34:16] 
INFO [2025-05-29 16:34:16] $filename
INFO [2025-05-29 16:34:16] [1] "manuscript/figures/participation.png"
INFO [2025-05-29 16:34:16] 
INFO [2025-05-29 16:34:16] $output
INFO [2025-05-29 16:34:16] [1] TRUE
INFO [2025-05-29 16:34:16] 
INFO [2025-05-29 16:34:16] $height
INFO [2025-05-29 16:34:16] [1] 500
INFO [2025-05-29 16:34:16] 
INFO [2025-05-29 16:34:16] $width
INFO [2025-05-29 16:34:16] [1] 500
INFO [2025-05-29 16:34:16] 
INFO [2025-05-29 16:34:16] $resolution
INFO [2025-05-29 16:34:16] [1] 300
INFO [2025-05-29 16:34:16] 
INFO [2025-05-29 16:34:16] $lwd
INFO [2025-05-29 16:34:16] [1] 1
INFO [2025-05-29 16:34:16] 
INFO [2025-05-29 16:34:16] $col
INFO [2025-05-29 16:34:16] c("#440154ff", "#21908dff", "#fde725ff")
INFO [2025-05-29 16:34:16] 
INFO [2025-05-29 16:34:16] $fill
INFO [2025-05-29 16:34:16] c(alpha("#440154ff", 0.3), alpha("#21908dff", 0.3), alpha("#fde725ff", 
INFO [2025-05-29 16:34:16]     0.3))
INFO [2025-05-29 16:34:16] 
INFO [2025-05-29 16:34:16] $cex
INFO [2025-05-29 16:34:16] [1] 0.5
INFO [2025-05-29 16:34:16] 
INFO [2025-05-29 16:34:16] $fontfamily
INFO [2025-05-29 16:34:16] [1] "sans"
INFO [2025-05-29 16:34:16] 
INFO [2025-05-29 16:34:16] $cat.cex
INFO [2025-05-29 16:34:16] [1] 0.5
INFO [2025-05-29 16:34:16] 
INFO [2025-05-29 16:34:16] $cat.default.pos
INFO [2025-05-29 16:34:16] [1] "outer"
INFO [2025-05-29 16:34:16] 
INFO [2025-05-29 16:34:16] $cat.pos
INFO [2025-05-29 16:34:16] c(-18, 18, 180)
INFO [2025-05-29 16:34:16] 
INFO [2025-05-29 16:34:16] $cat.fontfamily
INFO [2025-05-29 16:34:16] [1] "sans"
INFO [2025-05-29 16:34:16] 
INFO [2025-05-29 16:34:16] $cat.col
INFO [2025-05-29 16:34:16] c("#440154ff", "#21908dff", "#fde725ff")
INFO [2025-05-29 16:34:16] 
INFO [2025-05-29 16:34:16] $rotation
INFO [2025-05-29 16:34:16] [1] 3
INFO [2025-05-29 16:34:16] 
