INFO [2025-06-09 16:33:39] $x
INFO [2025-06-09 16:33:39] list(pretest, posttest, modules)
INFO [2025-06-09 16:33:39] 
INFO [2025-06-09 16:33:39] $category.names
INFO [2025-06-09 16:33:39] c("Pre-Training Survey", "Post-Training Survey ", "Post-Module Surveys")
INFO [2025-06-09 16:33:39] 
INFO [2025-06-09 16:33:39] $filename
INFO [2025-06-09 16:33:39] [1] "manuscript/figures/participation.png"
INFO [2025-06-09 16:33:39] 
INFO [2025-06-09 16:33:39] $output
INFO [2025-06-09 16:33:39] [1] TRUE
INFO [2025-06-09 16:33:39] 
INFO [2025-06-09 16:33:39] $height
INFO [2025-06-09 16:33:39] [1] 500
INFO [2025-06-09 16:33:39] 
INFO [2025-06-09 16:33:39] $width
INFO [2025-06-09 16:33:39] [1] 500
INFO [2025-06-09 16:33:39] 
INFO [2025-06-09 16:33:39] $resolution
INFO [2025-06-09 16:33:39] [1] 300
INFO [2025-06-09 16:33:39] 
INFO [2025-06-09 16:33:39] $lwd
INFO [2025-06-09 16:33:39] [1] 1
INFO [2025-06-09 16:33:39] 
INFO [2025-06-09 16:33:39] $col
INFO [2025-06-09 16:33:39] c("#440154ff", "#21908dff", "#fde725ff")
INFO [2025-06-09 16:33:39] 
INFO [2025-06-09 16:33:39] $fill
INFO [2025-06-09 16:33:39] c(alpha("#440154ff", 0.3), alpha("#21908dff", 0.3), alpha("#fde725ff", 
INFO [2025-06-09 16:33:39]     0.3))
INFO [2025-06-09 16:33:39] 
INFO [2025-06-09 16:33:39] $cex
INFO [2025-06-09 16:33:39] [1] 0.5
INFO [2025-06-09 16:33:39] 
INFO [2025-06-09 16:33:39] $fontfamily
INFO [2025-06-09 16:33:39] [1] "sans"
INFO [2025-06-09 16:33:39] 
INFO [2025-06-09 16:33:39] $cat.cex
INFO [2025-06-09 16:33:39] [1] 0.5
INFO [2025-06-09 16:33:39] 
INFO [2025-06-09 16:33:39] $cat.default.pos
INFO [2025-06-09 16:33:39] [1] "outer"
INFO [2025-06-09 16:33:39] 
INFO [2025-06-09 16:33:39] $cat.pos
INFO [2025-06-09 16:33:39] c(-18, 18, 180)
INFO [2025-06-09 16:33:39] 
INFO [2025-06-09 16:33:39] $cat.fontfamily
INFO [2025-06-09 16:33:39] [1] "sans"
INFO [2025-06-09 16:33:39] 
INFO [2025-06-09 16:33:39] $cat.col
INFO [2025-06-09 16:33:39] c("#440154ff", "#21908dff", "#fde725ff")
INFO [2025-06-09 16:33:39] 
INFO [2025-06-09 16:33:39] $rotation
INFO [2025-06-09 16:33:39] [1] 3
INFO [2025-06-09 16:33:39] 
