INFO [2025-05-29 16:33:14] $x
INFO [2025-05-29 16:33:14] list(pretest, posttest, modules)
INFO [2025-05-29 16:33:14] 
INFO [2025-05-29 16:33:14] $category.names
INFO [2025-05-29 16:33:14] c("Pre-Training Survey", "Post-Training Survey ", "Post-Module Surveys")
INFO [2025-05-29 16:33:14] 
INFO [2025-05-29 16:33:14] $filename
INFO [2025-05-29 16:33:14] [1] "manuscript/figures/participation.png"
INFO [2025-05-29 16:33:14] 
INFO [2025-05-29 16:33:14] $output
INFO [2025-05-29 16:33:14] [1] TRUE
INFO [2025-05-29 16:33:14] 
INFO [2025-05-29 16:33:14] $height
INFO [2025-05-29 16:33:14] [1] 500
INFO [2025-05-29 16:33:14] 
INFO [2025-05-29 16:33:14] $width
INFO [2025-05-29 16:33:14] [1] 500
INFO [2025-05-29 16:33:14] 
INFO [2025-05-29 16:33:14] $resolution
INFO [2025-05-29 16:33:14] [1] 300
INFO [2025-05-29 16:33:14] 
INFO [2025-05-29 16:33:14] $lwd
INFO [2025-05-29 16:33:14] [1] 1
INFO [2025-05-29 16:33:14] 
INFO [2025-05-29 16:33:14] $col
INFO [2025-05-29 16:33:14] c("#440154ff", "#21908dff", "#fde725ff")
INFO [2025-05-29 16:33:14] 
INFO [2025-05-29 16:33:14] $fill
INFO [2025-05-29 16:33:14] c(alpha("#440154ff", 0.3), alpha("#21908dff", 0.3), alpha("#fde725ff", 
INFO [2025-05-29 16:33:14]     0.3))
INFO [2025-05-29 16:33:14] 
INFO [2025-05-29 16:33:14] $cex
INFO [2025-05-29 16:33:14] [1] 0.5
INFO [2025-05-29 16:33:14] 
INFO [2025-05-29 16:33:14] $fontfamily
INFO [2025-05-29 16:33:14] [1] "sans"
INFO [2025-05-29 16:33:14] 
INFO [2025-05-29 16:33:14] $cat.cex
INFO [2025-05-29 16:33:14] [1] 0.5
INFO [2025-05-29 16:33:14] 
INFO [2025-05-29 16:33:14] $cat.default.pos
INFO [2025-05-29 16:33:14] [1] "outer"
INFO [2025-05-29 16:33:14] 
INFO [2025-05-29 16:33:14] $cat.pos
INFO [2025-05-29 16:33:14] c(-18, 18, 180)
INFO [2025-05-29 16:33:14] 
INFO [2025-05-29 16:33:14] $cat.fontfamily
INFO [2025-05-29 16:33:14] [1] "sans"
INFO [2025-05-29 16:33:14] 
INFO [2025-05-29 16:33:14] $cat.col
INFO [2025-05-29 16:33:14] c("#440154ff", "#21908dff", "#fde725ff")
INFO [2025-05-29 16:33:14] 
INFO [2025-05-29 16:33:14] $rotation
INFO [2025-05-29 16:33:14] [1] 2
INFO [2025-05-29 16:33:14] 
