INFO [2025-05-29 17:07:44] $x
INFO [2025-05-29 17:07:44] list(pretest, posttest, modules)
INFO [2025-05-29 17:07:44] 
INFO [2025-05-29 17:07:44] $category.names
INFO [2025-05-29 17:07:44] c("Pre-Training Survey", "Post-Training Survey ", "Post-Module Surveys")
INFO [2025-05-29 17:07:44] 
INFO [2025-05-29 17:07:44] $filename
INFO [2025-05-29 17:07:44] [1] "manuscript/figures/participation.png"
INFO [2025-05-29 17:07:44] 
INFO [2025-05-29 17:07:44] $output
INFO [2025-05-29 17:07:44] [1] TRUE
INFO [2025-05-29 17:07:44] 
INFO [2025-05-29 17:07:44] $height
INFO [2025-05-29 17:07:44] [1] 500
INFO [2025-05-29 17:07:44] 
INFO [2025-05-29 17:07:44] $width
INFO [2025-05-29 17:07:44] [1] 500
INFO [2025-05-29 17:07:44] 
INFO [2025-05-29 17:07:44] $resolution
INFO [2025-05-29 17:07:44] [1] 300
INFO [2025-05-29 17:07:44] 
INFO [2025-05-29 17:07:44] $lwd
INFO [2025-05-29 17:07:44] [1] 1
INFO [2025-05-29 17:07:44] 
INFO [2025-05-29 17:07:44] $col
INFO [2025-05-29 17:07:44] c("#440154ff", "#21908dff", "#fde725ff")
INFO [2025-05-29 17:07:44] 
INFO [2025-05-29 17:07:44] $fill
INFO [2025-05-29 17:07:44] c(alpha("#440154ff", 0.3), alpha("#21908dff", 0.3), alpha("#fde725ff", 
INFO [2025-05-29 17:07:44]     0.3))
INFO [2025-05-29 17:07:44] 
INFO [2025-05-29 17:07:44] $cex
INFO [2025-05-29 17:07:44] [1] 0.5
INFO [2025-05-29 17:07:44] 
INFO [2025-05-29 17:07:44] $fontfamily
INFO [2025-05-29 17:07:44] [1] "sans"
INFO [2025-05-29 17:07:44] 
INFO [2025-05-29 17:07:44] $cat.cex
INFO [2025-05-29 17:07:44] [1] 0.5
INFO [2025-05-29 17:07:44] 
INFO [2025-05-29 17:07:44] $cat.default.pos
INFO [2025-05-29 17:07:44] [1] "outer"
INFO [2025-05-29 17:07:44] 
INFO [2025-05-29 17:07:44] $cat.pos
INFO [2025-05-29 17:07:44] c(-18, 18, 180)
INFO [2025-05-29 17:07:44] 
INFO [2025-05-29 17:07:44] $cat.fontfamily
INFO [2025-05-29 17:07:44] [1] "sans"
INFO [2025-05-29 17:07:44] 
INFO [2025-05-29 17:07:44] $cat.col
INFO [2025-05-29 17:07:44] c("#440154ff", "#21908dff", "#fde725ff")
INFO [2025-05-29 17:07:44] 
INFO [2025-05-29 17:07:44] $rotation
INFO [2025-05-29 17:07:44] [1] 3
INFO [2025-05-29 17:07:44] 
