INFO [2025-05-29 17:06:31] $x
INFO [2025-05-29 17:06:31] list(pretest, posttest, modules)
INFO [2025-05-29 17:06:31] 
INFO [2025-05-29 17:06:31] $category.names
INFO [2025-05-29 17:06:31] c("Pre-Training Survey", "Post-Training Survey ", "Post-Module Surveys")
INFO [2025-05-29 17:06:31] 
INFO [2025-05-29 17:06:31] $filename
INFO [2025-05-29 17:06:31] [1] "manuscript/figures/participation.png"
INFO [2025-05-29 17:06:31] 
INFO [2025-05-29 17:06:31] $output
INFO [2025-05-29 17:06:31] [1] TRUE
INFO [2025-05-29 17:06:31] 
INFO [2025-05-29 17:06:31] $height
INFO [2025-05-29 17:06:31] [1] 500
INFO [2025-05-29 17:06:31] 
INFO [2025-05-29 17:06:31] $width
INFO [2025-05-29 17:06:31] [1] 500
INFO [2025-05-29 17:06:31] 
INFO [2025-05-29 17:06:31] $resolution
INFO [2025-05-29 17:06:31] [1] 300
INFO [2025-05-29 17:06:31] 
INFO [2025-05-29 17:06:31] $lwd
INFO [2025-05-29 17:06:31] [1] 1
INFO [2025-05-29 17:06:31] 
INFO [2025-05-29 17:06:31] $col
INFO [2025-05-29 17:06:31] c("#440154ff", "#21908dff", "#fde725ff")
INFO [2025-05-29 17:06:31] 
INFO [2025-05-29 17:06:31] $fill
INFO [2025-05-29 17:06:31] c(alpha("#440154ff", 0.3), alpha("#21908dff", 0.3), alpha("#fde725ff", 
INFO [2025-05-29 17:06:31]     0.3))
INFO [2025-05-29 17:06:31] 
INFO [2025-05-29 17:06:31] $cex
INFO [2025-05-29 17:06:31] [1] 0.5
INFO [2025-05-29 17:06:31] 
INFO [2025-05-29 17:06:31] $fontfamily
INFO [2025-05-29 17:06:31] [1] "sans"
INFO [2025-05-29 17:06:31] 
INFO [2025-05-29 17:06:31] $cat.cex
INFO [2025-05-29 17:06:31] [1] 0.5
INFO [2025-05-29 17:06:31] 
INFO [2025-05-29 17:06:31] $cat.default.pos
INFO [2025-05-29 17:06:31] [1] "outer"
INFO [2025-05-29 17:06:31] 
INFO [2025-05-29 17:06:31] $cat.pos
INFO [2025-05-29 17:06:31] c(-18, 18, 180)
INFO [2025-05-29 17:06:31] 
INFO [2025-05-29 17:06:31] $cat.fontfamily
INFO [2025-05-29 17:06:31] [1] "sans"
INFO [2025-05-29 17:06:31] 
INFO [2025-05-29 17:06:31] $cat.col
INFO [2025-05-29 17:06:31] c("#440154ff", "#21908dff", "#fde725ff")
INFO [2025-05-29 17:06:31] 
INFO [2025-05-29 17:06:31] $rotation
INFO [2025-05-29 17:06:31] [1] 3
INFO [2025-05-29 17:06:31] 
