INFO [2025-05-29 16:31:23] $x
INFO [2025-05-29 16:31:23] list(posttest, modules, pretest)
INFO [2025-05-29 16:31:23] 
INFO [2025-05-29 16:31:23] $category.names
INFO [2025-05-29 16:31:23] c("Post-Training Survey ", "Post-Module Surveys", "Pre-Training Survey")
INFO [2025-05-29 16:31:23] 
INFO [2025-05-29 16:31:23] $filename
INFO [2025-05-29 16:31:23] [1] "manuscript/figures/participation.png"
INFO [2025-05-29 16:31:23] 
INFO [2025-05-29 16:31:23] $output
INFO [2025-05-29 16:31:23] [1] TRUE
INFO [2025-05-29 16:31:23] 
INFO [2025-05-29 16:31:23] $height
INFO [2025-05-29 16:31:23] [1] 500
INFO [2025-05-29 16:31:23] 
INFO [2025-05-29 16:31:23] $width
INFO [2025-05-29 16:31:23] [1] 500
INFO [2025-05-29 16:31:23] 
INFO [2025-05-29 16:31:23] $resolution
INFO [2025-05-29 16:31:23] [1] 300
INFO [2025-05-29 16:31:23] 
INFO [2025-05-29 16:31:23] $lwd
INFO [2025-05-29 16:31:23] [1] 1
INFO [2025-05-29 16:31:23] 
INFO [2025-05-29 16:31:23] $col
INFO [2025-05-29 16:31:23] c("#440154ff", "#21908dff", "#fde725ff")
INFO [2025-05-29 16:31:23] 
INFO [2025-05-29 16:31:23] $fill
INFO [2025-05-29 16:31:23] c(alpha("#440154ff", 0.3), alpha("#21908dff", 0.3), alpha("#fde725ff", 
INFO [2025-05-29 16:31:23]     0.3))
INFO [2025-05-29 16:31:23] 
INFO [2025-05-29 16:31:23] $cex
INFO [2025-05-29 16:31:23] [1] 0.5
INFO [2025-05-29 16:31:23] 
INFO [2025-05-29 16:31:23] $fontfamily
INFO [2025-05-29 16:31:23] [1] "sans"
INFO [2025-05-29 16:31:23] 
INFO [2025-05-29 16:31:23] $cat.cex
INFO [2025-05-29 16:31:23] [1] 0.5
INFO [2025-05-29 16:31:23] 
INFO [2025-05-29 16:31:23] $cat.default.pos
INFO [2025-05-29 16:31:23] [1] "outer"
INFO [2025-05-29 16:31:23] 
INFO [2025-05-29 16:31:23] $cat.pos
INFO [2025-05-29 16:31:23] c(-18, 18, 180)
INFO [2025-05-29 16:31:23] 
INFO [2025-05-29 16:31:23] $cat.fontfamily
INFO [2025-05-29 16:31:23] [1] "sans"
INFO [2025-05-29 16:31:23] 
INFO [2025-05-29 16:31:23] $cat.col
INFO [2025-05-29 16:31:23] c("#440154ff", "#21908dff", "#fde725ff")
INFO [2025-05-29 16:31:23] 
INFO [2025-05-29 16:31:23] $rotation
INFO [2025-05-29 16:31:23] [1] 1
INFO [2025-05-29 16:31:23] 
