INFO [2025-05-29 16:30:17] $x
INFO [2025-05-29 16:30:17] list(pretest, posttest, modules)
INFO [2025-05-29 16:30:17] 
INFO [2025-05-29 16:30:17] $category.names
INFO [2025-05-29 16:30:17] c("Pre-Training Survey", "Post-Training Survey ", "Post-Module Surveys")
INFO [2025-05-29 16:30:17] 
INFO [2025-05-29 16:30:17] $filename
INFO [2025-05-29 16:30:17] [1] "manuscript/figures/participation.png"
INFO [2025-05-29 16:30:17] 
INFO [2025-05-29 16:30:17] $output
INFO [2025-05-29 16:30:17] [1] TRUE
INFO [2025-05-29 16:30:17] 
INFO [2025-05-29 16:30:17] $height
INFO [2025-05-29 16:30:17] [1] 500
INFO [2025-05-29 16:30:17] 
INFO [2025-05-29 16:30:17] $width
INFO [2025-05-29 16:30:17] [1] 500
INFO [2025-05-29 16:30:17] 
INFO [2025-05-29 16:30:17] $resolution
INFO [2025-05-29 16:30:17] [1] 300
INFO [2025-05-29 16:30:17] 
INFO [2025-05-29 16:30:17] $lwd
INFO [2025-05-29 16:30:17] [1] 1
INFO [2025-05-29 16:30:17] 
INFO [2025-05-29 16:30:17] $col
INFO [2025-05-29 16:30:17] c("#440154ff", "#21908dff", "#fde725ff")
INFO [2025-05-29 16:30:17] 
INFO [2025-05-29 16:30:17] $fill
INFO [2025-05-29 16:30:17] c(alpha("#440154ff", 0.3), alpha("#21908dff", 0.3), alpha("#fde725ff", 
INFO [2025-05-29 16:30:17]     0.3))
INFO [2025-05-29 16:30:17] 
INFO [2025-05-29 16:30:17] $cex
INFO [2025-05-29 16:30:17] [1] 0.5
INFO [2025-05-29 16:30:17] 
INFO [2025-05-29 16:30:17] $fontfamily
INFO [2025-05-29 16:30:17] [1] "sans"
INFO [2025-05-29 16:30:17] 
INFO [2025-05-29 16:30:17] $cat.cex
INFO [2025-05-29 16:30:17] [1] 0.5
INFO [2025-05-29 16:30:17] 
INFO [2025-05-29 16:30:17] $cat.default.pos
INFO [2025-05-29 16:30:17] [1] "outer"
INFO [2025-05-29 16:30:17] 
INFO [2025-05-29 16:30:17] $cat.pos
INFO [2025-05-29 16:30:17] c(-18, 18, 180)
INFO [2025-05-29 16:30:17] 
INFO [2025-05-29 16:30:17] $cat.fontfamily
INFO [2025-05-29 16:30:17] [1] "sans"
INFO [2025-05-29 16:30:17] 
INFO [2025-05-29 16:30:17] $cat.col
INFO [2025-05-29 16:30:17] c("#440154ff", "#21908dff", "#fde725ff")
INFO [2025-05-29 16:30:17] 
INFO [2025-05-29 16:30:17] $rotation
INFO [2025-05-29 16:30:17] [1] 1
INFO [2025-05-29 16:30:17] 
